C:\Users\Martin\Documents\Visual Studio 2017\Projects\TopTrumps\TopTrumps.Web\TopTrumps\dist\out-tsc\src\app\app-routing.module.js
C:\Users\Martin\Documents\Visual Studio 2017\Projects\TopTrumps\TopTrumps.Web\TopTrumps\dist\out-tsc\src\app\app-routing.module.js.map
C:\Users\Martin\Documents\Visual Studio 2017\Projects\TopTrumps\TopTrumps.Web\TopTrumps\dist\out-tsc\src\app\top-trumps-app.js
C:\Users\Martin\Documents\Visual Studio 2017\Projects\TopTrumps\TopTrumps.Web\TopTrumps\dist\out-tsc\src\app\top-trumps-app.js.map
C:\Users\Martin\Documents\Visual Studio 2017\Projects\TopTrumps\TopTrumps.Web\TopTrumps\dist\out-tsc\src\app\deck.js
C:\Users\Martin\Documents\Visual Studio 2017\Projects\TopTrumps\TopTrumps.Web\TopTrumps\dist\out-tsc\src\app\deck.js.map
C:\Users\Martin\Documents\Visual Studio 2017\Projects\TopTrumps\TopTrumps.Web\TopTrumps\dist\out-tsc\src\app\top-trumps-data.service.js
C:\Users\Martin\Documents\Visual Studio 2017\Projects\TopTrumps\TopTrumps.Web\TopTrumps\dist\out-tsc\src\app\top-trumps-data.service.js.map
C:\Users\Martin\Documents\Visual Studio 2017\Projects\TopTrumps\TopTrumps.Web\TopTrumps\dist\out-tsc\src\app\app.component.js
C:\Users\Martin\Documents\Visual Studio 2017\Projects\TopTrumps\TopTrumps.Web\TopTrumps\dist\out-tsc\src\app\app.component.js.map
C:\Users\Martin\Documents\Visual Studio 2017\Projects\TopTrumps\TopTrumps.Web\TopTrumps\dist\out-tsc\src\app\app.module.js
C:\Users\Martin\Documents\Visual Studio 2017\Projects\TopTrumps\TopTrumps.Web\TopTrumps\dist\out-tsc\src\app\app.module.js.map
C:\Users\Martin\Documents\Visual Studio 2017\Projects\TopTrumps\TopTrumps.Web\TopTrumps\dist\out-tsc\src\environments\environment.js
C:\Users\Martin\Documents\Visual Studio 2017\Projects\TopTrumps\TopTrumps.Web\TopTrumps\dist\out-tsc\src\environments\environment.js.map
C:\Users\Martin\Documents\Visual Studio 2017\Projects\TopTrumps\TopTrumps.Web\TopTrumps\dist\out-tsc\src\main.js
C:\Users\Martin\Documents\Visual Studio 2017\Projects\TopTrumps\TopTrumps.Web\TopTrumps\dist\out-tsc\src\main.js.map
C:\Users\Martin\Documents\Visual Studio 2017\Projects\TopTrumps\TopTrumps.Web\TopTrumps\dist\out-tsc\src\polyfills.js
C:\Users\Martin\Documents\Visual Studio 2017\Projects\TopTrumps\TopTrumps.Web\TopTrumps\dist\out-tsc\src\polyfills.js.map
C:\Users\Martin\Documents\Visual Studio 2017\Projects\TopTrumps\TopTrumps.Web\TopTrumps\dist\out-tsc\src\test.js
C:\Users\Martin\Documents\Visual Studio 2017\Projects\TopTrumps\TopTrumps.Web\TopTrumps\dist\out-tsc\src\test.js.map
C:\Users\Martin\Documents\Visual Studio 2017\Projects\TopTrumps\TopTrumps.Web\TopTrumps\dist\out-tsc\e2e\src\app.po.js
C:\Users\Martin\Documents\Visual Studio 2017\Projects\TopTrumps\TopTrumps.Web\TopTrumps\dist\out-tsc\e2e\src\app.po.js.map
C:\Users\Martin\Documents\Visual Studio 2017\Projects\TopTrumps\TopTrumps.Web\TopTrumps\dist\out-tsc\e2e\src\app.e2e-spec.js
C:\Users\Martin\Documents\Visual Studio 2017\Projects\TopTrumps\TopTrumps.Web\TopTrumps\dist\out-tsc\e2e\src\app.e2e-spec.js.map
C:\Users\Martin\Documents\Visual Studio 2017\Projects\TopTrumps\TopTrumps.Web\TopTrumps\dist\out-tsc\src\app\app.component.spec.js
C:\Users\Martin\Documents\Visual Studio 2017\Projects\TopTrumps\TopTrumps.Web\TopTrumps\dist\out-tsc\src\app\app.component.spec.js.map
C:\Users\Martin\Documents\Visual Studio 2017\Projects\TopTrumps\TopTrumps.Web\TopTrumps\dist\out-tsc\src\app\deck.spec.js
C:\Users\Martin\Documents\Visual Studio 2017\Projects\TopTrumps\TopTrumps.Web\TopTrumps\dist\out-tsc\src\app\deck.spec.js.map
C:\Users\Martin\Documents\Visual Studio 2017\Projects\TopTrumps\TopTrumps.Web\TopTrumps\dist\out-tsc\src\app\top-trumps-data.service.spec.js
C:\Users\Martin\Documents\Visual Studio 2017\Projects\TopTrumps\TopTrumps.Web\TopTrumps\dist\out-tsc\src\app\top-trumps-data.service.spec.js.map
C:\Users\Martin\Documents\Visual Studio 2017\Projects\TopTrumps\TopTrumps.Web\TopTrumps\dist\out-tsc\src\environments\environment.prod.js
C:\Users\Martin\Documents\Visual Studio 2017\Projects\TopTrumps\TopTrumps.Web\TopTrumps\dist\out-tsc\src\environments\environment.prod.js.map
